build/app/outputs/mapping/release/seeds.txt
com.cesarpolanco.portfolioflutter.MainActivity
com.cesarpolanco.portfolioflutter.MainActivity: MainActivity()
...
io.flutter.embedding.android.KeyData$Type: io.flutter.embedding.android.KeyData$Type valueOf(java.lang.String)
androidx.window.layout.WindowInfoTrackerImpl$windowLayoutInfo$1: java.lang.Object invoke(kotlinx.coroutines.flow.FlowCollector,kotlin.coroutines.Continuation)
androidx.window.layout.HardwareFoldingFeature: HardwareFoldingFeature(androidx.window.core.Bounds,androidx.window.layout.HardwareFoldingFeature$Type,androidx.window.layout.FoldingFeature$State)
io.flutter.embedding.engine.FlutterJNI: boolean nativeFlutterTextUtilsIsEmojiModifierBase(int)
androidx.core.view.WindowInsetsCompat$Impl: boolean isVisible(int)
io.flutter.embedding.engine.FlutterJNI: void nativeInvokePlatformMessageEmptyResponseCallback(long,int)
androidx.window.embedding.ExtensionEmbeddingBackend: void registerRule(androidx.window.embedding.EmbeddingRule)
androidx.core.view.WindowInsetsCompat$Impl: androidx.core.view.DisplayCutoutCompat getDisplayCutout()
io.flutter.embedding.engine.renderer.SurfaceTextureWrapper: void getTransformMatrix(float[])
androidx.window.layout.HardwareFoldingFeature$Type: HardwareFoldingFeature$Type(java.lang.String)
androidx.window.embedding.SplitController$Companion: androidx.window.embedding.SplitController getInstance()
io.flutter.embedding.engine.systemchannels.PlatformChannel$SystemUiOverlay: io.flutter.embedding.engine.systemchannels.PlatformChannel$SystemUiOverlay valueOf(java.lang.String)
io.flutter.embedding.engine.FlutterJNI: void nativeSetSemanticsEnabled(long,boolean)
io.flutter.embedding.engine.systemchannels.PlatformChannel$DeviceOrientation: io.flutter.embedding.engine.systemchannels.PlatformChannel$DeviceOrientation valueOf(java.lang.String)
com.shockwave.pdfium.PdfDocument$Bookmark: PdfDocument$Bookmark()
io.flutter.embedding.engine.FlutterJNI: io.flutter.embedding.engine.FlutterOverlaySurface createOverlaySurface()
io.flutter.plugin.editing.ImeSyncDeferringInsetsCallback: android.view.WindowInsets access$600(io.flutter.plugin.editing.ImeSyncDeferringInsetsCallback)
io.flutter.embedding.engine.FlutterJNI: void onSurfaceWindowChanged(android.view.Surface)
androidx.window.layout.WindowMetricsCalculatorCompat: android.graphics.Rect computeWindowBoundsQ$window_release(android.app.Activity)
io.flutter.embedding.engine.FlutterJNI: void nativeRunBundleAndSnapshotFromLibrary(long,java.lang.String,java.lang.String,java.lang.String,android.content.res.AssetManager,java.util.List)
androidx.window.R: R()
androidx.window.layout.WindowMetricsCalculator$Companion: androidx.window.layout.WindowMetricsCalculator getOrCreate()
io.flutter.embedding.engine.FlutterJNI: void nativeImageHeaderCallback(long,int,int)
androidx.core.view.WindowInsetsCompat$Impl: boolean isConsumed()
androidx.window.layout.EmptyDecorator: androidx.window.layout.WindowInfoTracker decorate(androidx.window.layout.WindowInfoTracker)
androidx.window.layout.WindowMetrics: int hashCode()
kotlin.jvm.internal.FunctionReference: boolean isOperator()
androidx.window.embedding.ExtensionEmbeddingBackend: void getSplitChangeCallbacks$annotations()
androidx.window.embedding.EmbeddingAdapter: java.lang.Object component1(android.util.Pair)
com.shockwave.pdfium.BuildConfig: BuildConfig()
io.flutter.embedding.engine.FlutterJNI: void attachToNative()
io.flutter.view.AccessibilityViewEmbedder: java.lang.Integer getRecordFlutterId(android.view.View,android.view.accessibility.AccessibilityRecord)
androidx.lifecycle.Lifecycle$State: androidx.lifecycle.Lifecycle$State valueOf(java.lang.String)
androidx.core.view.WindowInsetsCompat$BuilderImpl29: androidx.core.view.WindowInsetsCompat build()
androidx.window.layout.HardwareFoldingFeature: int hashCode()
androidx.window.layout.SidecarCompat$DistinctSidecarElementCallback: void onDeviceStateChanged(androidx.window.sidecar.SidecarDeviceState)
androidx.core.view.WindowInsetsCompat$Impl28: WindowInsetsCompat$Impl28(androidx.core.view.WindowInsetsCompat,androidx.core.view.WindowInsetsCompat$Impl28)