build/app/outputs/mapping/release/mapping.txt
# compiler: R8
# compiler_version: 8.6.17
# min_api: 21
# common_typos_disable
# {"id":"com.android.tools.r8.mapping","version":"2.2"}
# pg_map_id: 2377246
# pg_map_hash: SHA-256 2377246d446268fd3813ea1d7ea53e4af1d8baf01feecfb0a52011e9612c007e
com.cesarpolanco.portfolioflutter.MainActivity -> com.cesarpolanco.portfolioflutter.MainActivity:
# {"id":"sourceFile","fileName":"MainActivity.kt"}
    1:4:void <init>():5:5 -> <init>
...
androidx.window.embedding.EmbeddingTranslatingCallback -> androidx.window.embedding.EmbeddingTranslatingCallback:
# {"id":"sourceFile","fileName":"EmbeddingTranslatingCallback.kt"}
    11:13:void <init>(androidx.window.embedding.EmbeddingInterfaceCompat$EmbeddingCallbackInterface,androidx.window.embedding.EmbeddingAdapter):24:24 -> <init>
    14:15:void <init>(androidx.window.embedding.EmbeddingInterfaceCompat$EmbeddingCallbackInterface,androidx.window.embedding.EmbeddingAdapter):27:27 -> <init>
    16:18:void <init>(androidx.window.embedding.EmbeddingInterfaceCompat$EmbeddingCallbackInterface,androidx.window.embedding.EmbeddingAdapter):28:28 -> <init>
    1:1:void accept(java.lang.Object):24:24 -> accept
    2:2:void accept(java.util.List):31:31 -> accept
androidx.window.embedding.EmptyEmbeddingComponent -> androidx.window.embedding.EmptyEmbeddingComponent:
# {"id":"sourceFile","fileName":"EmbeddingCompat.kt"}
    1:4:void <init>():100:100 -> <init>
androidx.window.embedding.ExtensionEmbeddingBackend -> androidx.window.embedding.ExtensionEmbeddingBackend:
# {"id":"sourceFile","fileName":"ExtensionEmbeddingBackend.kt"}
    9:16:void <clinit>():51:51 -> <clinit>
    1:3:void <init>(androidx.window.embedding.EmbeddingInterfaceCompat):32:32 -> <init>
    4:5:void <init>(androidx.window.embedding.EmbeddingInterfaceCompat):34:34 -> <init>
    6:12:void <init>(androidx.window.embedding.EmbeddingInterfaceCompat):41:41 -> <init>
    13:19:void <init>(androidx.window.embedding.EmbeddingInterfaceCompat):44:44 -> <init>
    20:27:void <init>(androidx.window.embedding.EmbeddingInterfaceCompat):45:45 -> <init>
    28:35:void <init>(androidx.window.embedding.EmbeddingInterfaceCompat):109:109 -> <init>
    1:3:androidx.window.embedding.ExtensionEmbeddingBackend access$getGlobalInstance$cp():32:32 -> access$getGlobalInstance$cp
    1:3:java.util.concurrent.locks.ReentrantLock access$getGlobalLock$cp():32:32 -> access$getGlobalLock$cp
    1:3:void access$setGlobalInstance$cp(androidx.window.embedding.ExtensionEmbeddingBackend):32:32 -> access$setGlobalInstance$cp
    1:3:androidx.window.embedding.EmbeddingInterfaceCompat getEmbeddingExtension():36:36 -> getEmbeddingExtension
    1:3:java.util.concurrent.CopyOnWriteArrayList getSplitChangeCallbacks():40:40 -> getSplitChangeCallbacks
    1:3:java.util.Set getSplitRules():112:112 -> getSplitRules
    1:8:boolean isSplitSupported():209:209 -> isSplitSupported
androidx.window.embedding.ExtensionEmbeddingBackend$Companion -> androidx.window.embedding.ExtensionEmbeddingBackend$Companion:
# {"id":"sourceFile","fileName":"ExtensionEmbeddingBackend.kt"}
    1:1:void <init>(kotlin.jvm.internal.DefaultConstructorMarker):0:0 -> <init>
      # {"id":"com.android.tools.r8.residualsignature","signature":"(Lkotlin/jvm/internal/e;)V"}
    2:2:void <init>():48:48 -> <init>
    1:6:androidx.window.embedding.ExtensionEmbeddingBackend getInstance():55:55 -> getInstance
    7:13:androidx.window.embedding.ExtensionEmbeddingBackend getInstance():56:56 -> getInstance
    14:19:androidx.window.embedding.ExtensionEmbeddingBackend getInstance():57:57 -> getInstance
    20:25:androidx.window.embedding.ExtensionEmbeddingBackend getInstance():58:58 -> getInstance
    26:36:androidx.window.embedding.ExtensionEmbeddingBackend getInstance():59:59 -> getInstance
    37:38:androidx.window.embedding.ExtensionEmbeddingBackend getInstance():61:61 -> getInstance
    39:46:androidx.window.embedding.ExtensionEmbeddingBackend getInstance():56:56 -> getInstance
    47:54:androidx.window.embedding.ExtensionEmbeddingBackend getInstance():63:63 -> getInstance
    1:3:androidx.window.embedding.EmbeddingInterfaceCompat initAndVerifyEmbeddingExtension():72:72 -> initAndVerifyEmbeddingExtension
    4:15:androidx.window.embedding.EmbeddingInterfaceCompat initAndVerifyEmbeddingExtension():74:74 -> initAndVerifyEmbeddingExtension