build/app/outputs/mapping/release/usage.txt
com.cesarpolanco.portfolioflutter.R$drawable
com.cesarpolanco.portfolioflutter.R$mipmap
com.cesarpolanco.portfolioflutter.R$style
com.cesarpolanco.portfolioflutter.R
...
kotlinx.coroutines.AbstractTimeSource:
    public abstract long nanoTime()
    public abstract void parkNanos(java.lang.Object,long)
    public abstract void registerTimeLoopThread()
    public abstract void trackTask()
    public abstract void unTrackTask()
    public abstract void unpark(java.lang.Thread)
    public abstract void unregisterTimeLoopThread()
    public abstract java.lang.Runnable wrapTask(java.lang.Runnable)
kotlinx.coroutines.AbstractTimeSourceKt:
    private static kotlinx.coroutines.AbstractTimeSource timeSource
kotlinx.coroutines.CancellableContinuation$DefaultImpls
kotlinx.coroutines.CancellableContinuation:
    public abstract java.lang.Object tryResume(java.lang.Object,java.lang.Object)
    public abstract java.lang.Object tryResumeWithException(java.lang.Throwable)
kotlinx.coroutines.CancellableContinuationImpl:
    public java.lang.StackTraceElement getStackTraceElement()
    public java.lang.Object tryResume(java.lang.Object,java.lang.Object)
    public java.lang.Object tryResumeWithException(java.lang.Throwable)
kotlinx.coroutines.CopyableThreadContextElement
kotlinx.coroutines.CopyableThrowable
kotlinx.coroutines.CoroutineContextKt$$InternalSyntheticThrowCCEIfNotNull$8$5569582777507d4d7fe62d23d961118334e1e9c4c63eadc907f5f42be70b4b0a$0
kotlinx.coroutines.CoroutineContextKt$$InternalSyntheticThrowCCEIfNotNull$8$8f55693a02a94c3ba7b7e175a53b47021f3a45f124a252a4722ac88e77aaa17d$0
kotlinx.coroutines.CoroutineContextKt$foldCopies$1$$InternalSyntheticThrowCCEIfNotNull$8$302235166a43584c18b0dd9c18e28fab4eb24f1f0e6ac4aea89e8692dc0fb8dc$0
kotlinx.coroutines.CoroutineContextKt$foldCopies$folded$1$$InternalSyntheticThrowCCEIfNotNull$8$84dfd757359edc0df305dc2fef81ae068334ded0bb14f3c5e2ae0d6f7d811109$0
kotlinx.coroutines.CoroutineContextKt$foldCopies$folded$1$$InternalSyntheticThrowCCEIfNotNull$8$84dfd757359edc0df305dc2fef81ae068334ded0bb14f3c5e2ae0d6f7d811109$1
kotlinx.coroutines.CoroutineContextKt$foldCopies$folded$1$$InternalSyntheticThrowCCEIfNotNull$8$84dfd757359edc0df305dc2fef81ae068334ded0bb14f3c5e2ae0d6f7d811109$2
kotlinx.coroutines.CoroutineId$$InternalSyntheticBackport$1$2b7cb1301806cb43cf4d42689484004904fc70136481df3bae2bf06fdcc87183$0
kotlinx.coroutines.CoroutineId$$InternalSyntheticThrowCCEIfNotNull$10$db4fcf294f73e0414b61d779f72a560fad56831e560e6b71def36fecaf64a8d1$0
kotlinx.coroutines.CoroutineId$Key
kotlinx.coroutines.CoroutineId
kotlinx.coroutines.CoroutineName$Key
kotlinx.coroutines.CoroutineName
kotlinx.coroutines.DebugKt
kotlinx.coroutines.DefaultExecutor:
    protected void reschedule(long,kotlinx.coroutines.EventLoopImplBase$DelayedTask)
kotlinx.coroutines.DispatchedCoroutine
kotlinx.coroutines.DispatcherExecutor
kotlinx.coroutines.EventLoopImplBase$$InternalSyntheticBackportWithForwarding$1$41584d111b6398d0c54d1cbc869fe425dcf15ba508b6b2b7ac814020f3e97094$0
kotlinx.coroutines.EventLoopImplBase$DelayedTask
kotlinx.coroutines.EventLoopImplBase$DelayedTaskQueue:
    public long timeNow
    public void <init>(long)
kotlinx.coroutines.EventLoopImplBase:
    public final void schedule(long,kotlinx.coroutines.EventLoopImplBase$DelayedTask)
    private final int scheduleImpl(long,kotlinx.coroutines.EventLoopImplBase$DelayedTask)
    private final boolean shouldUnpark(kotlinx.coroutines.EventLoopImplBase$DelayedTask)
kotlinx.coroutines.EventLoopImplPlatform:
    protected void reschedule(long,kotlinx.coroutines.EventLoopImplBase$DelayedTask)
kotlinx.coroutines.ExecutorsKt$$InternalSyntheticThrowCCEIfNotNull$8$4663914de461212d49716dee37c2f585e21e5b9801437c6d07ea6102315c626d$0
kotlinx.coroutines.JobCancellationException:
    public synthetic bridge java.lang.Throwable createCopy()
    public kotlinx.coroutines.JobCancellationException createCopy()
kotlinx.coroutines.NodeList:
    public final java.lang.String getString(java.lang.String)
kotlinx.coroutines.TimeoutCancellationException